#-----------------------------------------------------------
# Webtalk v2019.1 (64-bit)
# SW Build 2552052 on Fri May 24 14:49:42 MDT 2019
# 
# Start of session at: Tue Oct 15 21:22:48 2019
# Process ID: 11488
# Current directory: D:/GradProject/A-Zynq-Based-Ai-Platform/sw/standalone/webtalk
# Command line: wbtcv.exe -mode batch -source sdk_webtalk.tcl
# Log file: D:/GradProject/A-Zynq-Based-Ai-Platform/sw/standalone/webtalk/webtalk.log
# Journal file: D:/GradProject/A-Zynq-Based-Ai-Platform/sw/standalone/webtalk\webtalk.jou
#-----------------------------------------------------------
source sdk_webtalk.tcl
# webtalk_init -webtalk_dir D:\\GradProject\\A-Zynq-Based-Ai-Platform\\sw\\standalone\\webtalk
# webtalk_register_client -client project
# webtalk_add_data -client project -key date_generated -value "2019-10-15 21:22:46" -context "software_version_and_target_device"
# webtalk_add_data -client project -key product_version -value "SDK v2019.1" -context "software_version_and_target_device"
# webtalk_add_data -client project -key build_version -value "2019.1" -context "software_version_and_target_device"
# webtalk_add_data -client project -key os_platform -value "amd64" -context "software_version_and_target_device"
# webtalk_add_data -client project -key registration_id -value "" -context "software_version_and_target_device"
# webtalk_add_data -client project -key tool_flow -value "SDK" -context "software_version_and_target_device"
# webtalk_add_data -client project -key beta -value "false" -context "software_version_and_target_device"
# webtalk_add_data -client project -key route_design -value "NA" -context "software_version_and_target_device"
# webtalk_add_data -client project -key target_family -value "NA" -context "software_version_and_target_device"
# webtalk_add_data -client project -key target_device -value "NA" -context "software_version_and_target_device"
# webtalk_add_data -client project -key target_package -value "NA" -context "software_version_and_target_device"
# webtalk_add_data -client project -key target_speed -value "NA" -context "software_version_and_target_device"
# webtalk_add_data -client project -key random_id -value "5r2ut28mfm9dj1p48eaipp7c79" -context "software_version_and_target_device"
# webtalk_add_data -client project -key project_id -value "2019.1_8" -context "software_version_and_target_device"
# webtalk_add_data -client project -key project_iteration -value "8" -context "software_version_and_target_device"
# webtalk_add_data -client project -key os_name -value "Microsoft Windows 8 or later , 64-bit" -context "user_environment"
# webtalk_add_data -client project -key os_release -value "major release  (build 9200)" -context "user_environment"
# webtalk_add_data -client project -key cpu_name -value "Intel(R) Core(TM) i7-4770K CPU @ 3.50GHz" -context "user_environment"
# webtalk_add_data -client project -key cpu_speed -value "3500 MHz" -context "user_environment"
# webtalk_add_data -client project -key total_processors -value "1" -context "user_environment"
# webtalk_add_data -client project -key system_ram -value "17.111 GB" -context "user_environment"
# webtalk_register_client -client sdk
# webtalk_add_data -client sdk -key uid -value "1571145018326" -context "sdk\\\\hardware/1571145018326"
# webtalk_add_data -client sdk -key isZynq -value "true" -context "sdk\\\\hardware/1571145018326"
# webtalk_add_data -client sdk -key isZynqMP -value "false" -context "sdk\\\\hardware/1571145018326"
# webtalk_add_data -client sdk -key Processors -value "2" -context "sdk\\\\hardware/1571145018326"
# webtalk_add_data -client sdk -key VivadoVersion -value "2019.1" -context "sdk\\\\hardware/1571145018326"
# webtalk_add_data -client sdk -key Arch -value "zynq" -context "sdk\\\\hardware/1571145018326"
# webtalk_add_data -client sdk -key Device -value "7z020" -context "sdk\\\\hardware/1571145018326"
# webtalk_add_data -client sdk -key IsHandoff -value "true" -context "sdk\\\\hardware/1571145018326"
# webtalk_add_data -client sdk -key os -value "NA" -context "sdk\\\\hardware/1571145018326"
# webtalk_add_data -client sdk -key apptemplate -value "NA" -context "sdk\\\\hardware/1571145018326"
# webtalk_add_data -client sdk -key RecordType -value "HWCreation" -context "sdk\\\\hardware/1571145018326"
# webtalk_add_data -client sdk -key uid -value "1571145117543" -context "sdk\\\\bsp/1571145117543"
# webtalk_add_data -client sdk -key hwid -value "1571145018326" -context "sdk\\\\bsp/1571145117543"
# webtalk_add_data -client sdk -key os -value "standalone" -context "sdk\\\\bsp/1571145117543"
# webtalk_add_data -client sdk -key apptemplate -value "hello_world" -context "sdk\\\\bsp/1571145117543"
# webtalk_add_data -client sdk -key RecordType -value "BSPCreation" -context "sdk\\\\bsp/1571145117543"
# webtalk_add_data -client sdk -key uid -value "1571145127912" -context "sdk\\\\application/1571145127912"
# webtalk_add_data -client sdk -key hwid -value "1571145018326" -context "sdk\\\\application/1571145127912"
# webtalk_add_data -client sdk -key bspid -value "1571145117543" -context "sdk\\\\application/1571145127912"
# webtalk_add_data -client sdk -key newbsp -value "true" -context "sdk\\\\application/1571145127912"
# webtalk_add_data -client sdk -key os -value "standalone" -context "sdk\\\\application/1571145127912"
# webtalk_add_data -client sdk -key apptemplate -value "hello_world" -context "sdk\\\\application/1571145127912"
# webtalk_add_data -client sdk -key RecordType -value "APPCreation" -context "sdk\\\\application/1571145127912"
# webtalk_add_data -client sdk -key LangUsed -value "C" -context "sdk\\\\application/1571145127912"
# webtalk_add_data -client sdk -key Procused -value "ps7_cortexa9" -context "sdk\\\\application/1571145127912"
# webtalk_add_data -client sdk -key projSize -value "193.4375" -context "sdk\\\\application/1571145127912"
# webtalk_add_data -client sdk -key uid -value "NA" -context "sdk\\\\bsp/1571145766560"
# webtalk_add_data -client sdk -key RecordType -value "ToolUsage" -context "sdk\\\\bsp/1571145766560"
# webtalk_add_data -client sdk -key BootgenCount -value "0" -context "sdk\\\\bsp/1571145766560"
# webtalk_add_data -client sdk -key DebugCount -value "0" -context "sdk\\\\bsp/1571145766560"
# webtalk_add_data -client sdk -key PerfCount -value "0" -context "sdk\\\\bsp/1571145766560"
# webtalk_add_data -client sdk -key FlashCount -value "0" -context "sdk\\\\bsp/1571145766560"
# webtalk_add_data -client sdk -key CrossTriggCount -value "0" -context "sdk\\\\bsp/1571145766560"
# webtalk_add_data -client sdk -key QemuDebugCount -value "0" -context "sdk\\\\bsp/1571145766560"
# webtalk_transmit -clientid 70896469 -regid "" -xml D:\\GradProject\\A-Zynq-Based-Ai-Platform\\sw\\standalone\\webtalk\\usage_statistics_ext_sdk.xml -html D:\\GradProject\\A-Zynq-Based-Ai-Platform\\sw\\standalone\\webtalk\\usage_statistics_ext_sdk.html -wdm D:\\GradProject\\A-Zynq-Based-Ai-Platform\\sw\\standalone\\webtalk\\sdk_webtalk.wdm -intro "<H3>SDK Usage Report</H3><BR>"
INFO: [Common 17-186] 'D:\GradProject\A-Zynq-Based-Ai-Platform\sw\standalone\webtalk\usage_statistics_ext_sdk.xml' has been successfully sent to Xilinx on Tue Oct 15 21:22:52 2019. For additional details about this file, please refer to the WebTalk help file at D:/Xilinx/SDK/2019.1/doc/webtalk_introduction.html.
# webtalk_terminate
INFO: [Common 17-206] Exiting Webtalk at Tue Oct 15 21:22:52 2019...
