21:10:01 INFO  : Registering command handlers for SDK TCF services
21:10:03 INFO  : Launching XSCT server: xsct.bat -interactive D:\GradProject\A-Zynq-Based-Ai-Platform\sw\standalone\temp_xsdb_launch_script.tcl
21:10:07 INFO  : XSCT server has started successfully.
21:10:07 INFO  : Successfully done setting XSCT server connection channel  
21:10:10 INFO  : Successfully done setting SDK workspace  
21:10:10 INFO  : Processing command line option -hwspec D:/GradProject/A-Zynq-Based-Ai-Platform/sw/standalone/test_design_wrapper.hdf.
09:19:57 INFO  : Registering command handlers for SDK TCF services
09:19:58 INFO  : Launching XSCT server: xsct.bat -interactive D:\GradProject\A-Zynq-Based-Ai-Platform\sw\standalone\temp_xsdb_launch_script.tcl
09:20:02 INFO  : XSCT server has started successfully.
09:20:04 INFO  : Successfully done setting XSCT server connection channel  
09:20:04 INFO  : Successfully done setting SDK workspace  
09:31:36 INFO  : Connected to target on host '127.0.0.1' and port '3121'.
09:31:38 INFO  : 'targets -set -filter {jtag_cable_name =~ "Digilent JTAG-SMT1 210203A7C53BA" && level==0} -index 1' command is executed.
09:31:40 INFO  : FPGA configured successfully with bitstream "D:/GradProject/A-Zynq-Based-Ai-Platform/sw/standalone/test_design_wrapper_hw_platform_0/test_design_wrapper.bit"
09:32:00 INFO  : 'targets -set -filter {jtag_cable_name =~ "Digilent JTAG-SMT1 210203A7C53BA" && level==0} -index 1' command is executed.
09:32:00 INFO  : 'fpga -state' command is executed.
09:32:00 INFO  : Connected to target on host '127.0.0.1' and port '3121'.
09:32:01 INFO  : Jtag cable 'Digilent JTAG-SMT1 210203A7C53BA' is selected.
09:32:01 INFO  : 'jtag frequency' command is executed.
09:32:01 INFO  : Sourcing of 'D:/GradProject/A-Zynq-Based-Ai-Platform/sw/standalone/test_design_wrapper_hw_platform_0/ps7_init.tcl' is done.
09:32:01 INFO  : Context for 'APU' is selected.
09:32:01 INFO  : Hardware design information is loaded from 'D:/GradProject/A-Zynq-Based-Ai-Platform/sw/standalone/test_design_wrapper_hw_platform_0/system.hdf'.
09:32:01 INFO  : 'configparams force-mem-access 1' command is executed.
09:32:01 INFO  : Context for 'APU' is selected.
09:32:01 INFO  : 'stop' command is executed.
09:32:01 INFO  : 'ps7_init' command is executed.
09:32:01 INFO  : 'ps7_post_config' command is executed.
09:32:01 INFO  : Context for processor 'ps7_cortexa9_0' is selected.
09:32:01 INFO  : Processor reset is completed for 'ps7_cortexa9_0'.
09:32:01 INFO  : Context for processor 'ps7_cortexa9_0' is selected.
09:32:01 INFO  : The application 'D:/GradProject/A-Zynq-Based-Ai-Platform/sw/standalone/simpleVectorArithmetic/Debug/simpleVectorArithmetic.elf' is downloaded to processor 'ps7_cortexa9_0'.
09:32:01 INFO  : 'configparams force-mem-access 0' command is executed.
09:32:01 INFO  : ----------------XSDB Script----------------
connect -url tcp:127.0.0.1:3121
source D:/GradProject/A-Zynq-Based-Ai-Platform/sw/standalone/test_design_wrapper_hw_platform_0/ps7_init.tcl
targets -set -nocase -filter {name =~"APU*" && jtag_cable_name =~ "Digilent JTAG-SMT1 210203A7C53BA"} -index 0
loadhw -hw D:/GradProject/A-Zynq-Based-Ai-Platform/sw/standalone/test_design_wrapper_hw_platform_0/system.hdf -mem-ranges [list {0x40000000 0xbfffffff}]
configparams force-mem-access 1
targets -set -nocase -filter {name =~"APU*" && jtag_cable_name =~ "Digilent JTAG-SMT1 210203A7C53BA"} -index 0
stop
ps7_init
ps7_post_config
targets -set -nocase -filter {name =~ "ARM*#0" && jtag_cable_name =~ "Digilent JTAG-SMT1 210203A7C53BA"} -index 0
rst -processor
targets -set -nocase -filter {name =~ "ARM*#0" && jtag_cable_name =~ "Digilent JTAG-SMT1 210203A7C53BA"} -index 0
dow D:/GradProject/A-Zynq-Based-Ai-Platform/sw/standalone/simpleVectorArithmetic/Debug/simpleVectorArithmetic.elf
configparams force-mem-access 0
----------------End of Script----------------

09:32:04 INFO  : Disconnected from the channel tcfchan#1.
09:32:39 INFO  : 'targets -set -filter {jtag_cable_name =~ "Digilent JTAG-SMT1 210203A7C53BA" && level==0} -index 1' command is executed.
09:32:39 INFO  : 'fpga -state' command is executed.
09:32:39 INFO  : Connected to target on host '127.0.0.1' and port '3121'.
09:32:40 INFO  : Jtag cable 'Digilent JTAG-SMT1 210203A7C53BA' is selected.
09:32:40 INFO  : 'jtag frequency' command is executed.
09:32:40 INFO  : Sourcing of 'D:/GradProject/A-Zynq-Based-Ai-Platform/sw/standalone/test_design_wrapper_hw_platform_0/ps7_init.tcl' is done.
09:32:40 INFO  : Context for 'APU' is selected.
09:32:42 INFO  : Hardware design information is loaded from 'D:/GradProject/A-Zynq-Based-Ai-Platform/sw/standalone/test_design_wrapper_hw_platform_0/system.hdf'.
09:32:42 INFO  : 'configparams force-mem-access 1' command is executed.
09:32:43 INFO  : Context for 'APU' is selected.
09:32:43 INFO  : 'stop' command is executed.
09:32:44 INFO  : 'ps7_init' command is executed.
09:32:44 INFO  : 'ps7_post_config' command is executed.
09:32:44 INFO  : Context for processor 'ps7_cortexa9_0' is selected.
09:32:44 INFO  : Processor reset is completed for 'ps7_cortexa9_0'.
09:32:44 INFO  : Context for processor 'ps7_cortexa9_0' is selected.
09:32:44 INFO  : The application 'D:/GradProject/A-Zynq-Based-Ai-Platform/sw/standalone/simpleVectorArithmetic/Debug/simpleVectorArithmetic.elf' is downloaded to processor 'ps7_cortexa9_0'.
09:32:44 INFO  : 'configparams force-mem-access 0' command is executed.
09:32:44 INFO  : ----------------XSDB Script----------------
connect -url tcp:127.0.0.1:3121
source D:/GradProject/A-Zynq-Based-Ai-Platform/sw/standalone/test_design_wrapper_hw_platform_0/ps7_init.tcl
targets -set -nocase -filter {name =~"APU*" && jtag_cable_name =~ "Digilent JTAG-SMT1 210203A7C53BA"} -index 0
loadhw -hw D:/GradProject/A-Zynq-Based-Ai-Platform/sw/standalone/test_design_wrapper_hw_platform_0/system.hdf -mem-ranges [list {0x40000000 0xbfffffff}]
configparams force-mem-access 1
targets -set -nocase -filter {name =~"APU*" && jtag_cable_name =~ "Digilent JTAG-SMT1 210203A7C53BA"} -index 0
stop
ps7_init
ps7_post_config
targets -set -nocase -filter {name =~ "ARM*#0" && jtag_cable_name =~ "Digilent JTAG-SMT1 210203A7C53BA"} -index 0
rst -processor
targets -set -nocase -filter {name =~ "ARM*#0" && jtag_cable_name =~ "Digilent JTAG-SMT1 210203A7C53BA"} -index 0
dow D:/GradProject/A-Zynq-Based-Ai-Platform/sw/standalone/simpleVectorArithmetic/Debug/simpleVectorArithmetic.elf
configparams force-mem-access 0
----------------End of Script----------------

09:32:45 INFO  : Disconnected from the channel tcfchan#2.
09:32:56 INFO  : 'targets -set -filter {jtag_cable_name =~ "Digilent JTAG-SMT1 210203A7C53BA" && level==0} -index 1' command is executed.
09:32:56 INFO  : 'fpga -state' command is executed.
09:32:56 INFO  : Connected to target on host '127.0.0.1' and port '3121'.
09:32:57 INFO  : Jtag cable 'Digilent JTAG-SMT1 210203A7C53BA' is selected.
09:32:57 INFO  : 'jtag frequency' command is executed.
09:32:57 INFO  : Sourcing of 'D:/GradProject/A-Zynq-Based-Ai-Platform/sw/standalone/test_design_wrapper_hw_platform_0/ps7_init.tcl' is done.
09:32:57 INFO  : Context for 'APU' is selected.
09:32:58 INFO  : Hardware design information is loaded from 'D:/GradProject/A-Zynq-Based-Ai-Platform/sw/standalone/test_design_wrapper_hw_platform_0/system.hdf'.
09:32:58 INFO  : 'configparams force-mem-access 1' command is executed.
09:32:58 INFO  : Context for 'APU' is selected.
09:32:58 INFO  : 'stop' command is executed.
09:32:59 INFO  : 'ps7_init' command is executed.
09:32:59 INFO  : 'ps7_post_config' command is executed.
09:32:59 INFO  : Context for processor 'ps7_cortexa9_0' is selected.
09:32:59 INFO  : Processor reset is completed for 'ps7_cortexa9_0'.
09:32:59 INFO  : Context for processor 'ps7_cortexa9_0' is selected.
09:32:59 INFO  : The application 'D:/GradProject/A-Zynq-Based-Ai-Platform/sw/standalone/simpleVectorArithmetic/Debug/simpleVectorArithmetic.elf' is downloaded to processor 'ps7_cortexa9_0'.
09:32:59 INFO  : 'configparams force-mem-access 0' command is executed.
09:32:59 INFO  : ----------------XSDB Script----------------
connect -url tcp:127.0.0.1:3121
source D:/GradProject/A-Zynq-Based-Ai-Platform/sw/standalone/test_design_wrapper_hw_platform_0/ps7_init.tcl
targets -set -nocase -filter {name =~"APU*" && jtag_cable_name =~ "Digilent JTAG-SMT1 210203A7C53BA"} -index 0
loadhw -hw D:/GradProject/A-Zynq-Based-Ai-Platform/sw/standalone/test_design_wrapper_hw_platform_0/system.hdf -mem-ranges [list {0x40000000 0xbfffffff}]
configparams force-mem-access 1
targets -set -nocase -filter {name =~"APU*" && jtag_cable_name =~ "Digilent JTAG-SMT1 210203A7C53BA"} -index 0
stop
ps7_init
ps7_post_config
targets -set -nocase -filter {name =~ "ARM*#0" && jtag_cable_name =~ "Digilent JTAG-SMT1 210203A7C53BA"} -index 0
rst -processor
targets -set -nocase -filter {name =~ "ARM*#0" && jtag_cable_name =~ "Digilent JTAG-SMT1 210203A7C53BA"} -index 0
dow D:/GradProject/A-Zynq-Based-Ai-Platform/sw/standalone/simpleVectorArithmetic/Debug/simpleVectorArithmetic.elf
configparams force-mem-access 0
----------------End of Script----------------

09:33:00 INFO  : Disconnected from the channel tcfchan#3.
09:34:36 INFO  : Registering command handlers for SDK TCF services
09:34:37 INFO  : Launching XSCT server: xsct.bat -interactive D:\GradProject\A-Zynq-Based-Ai-Platform\sw\standalone\temp_xsdb_launch_script.tcl
09:34:39 INFO  : XSCT server has started successfully.
09:34:39 INFO  : Successfully done setting XSCT server connection channel  
09:34:39 INFO  : Successfully done setting SDK workspace  
09:34:39 INFO  : Processing command line option -hwspec D:/GradProject/A-Zynq-Based-Ai-Platform/sw/standalone/test_design_wrapper.hdf.
09:34:39 INFO  : Checking for hwspec changes in the project test_design_wrapper_hw_platform_0.
09:34:59 INFO  : Connected to target on host '127.0.0.1' and port '3121'.
09:35:08 INFO  : Connected to target on host '127.0.0.1' and port '3121'.
09:35:09 INFO  : 'targets -set -filter {jtag_cable_name =~ "Digilent JTAG-SMT1 210203A7C53BA" && level==0} -index 1' command is executed.
09:35:12 INFO  : FPGA configured successfully with bitstream "D:/GradProject/A-Zynq-Based-Ai-Platform/sw/standalone/test_design_wrapper_hw_platform_0/test_design_wrapper.bit"
09:35:19 INFO  : 'targets -set -filter {jtag_cable_name =~ "Digilent JTAG-SMT1 210203A7C53BA" && level==0} -index 1' command is executed.
09:35:19 INFO  : 'fpga -state' command is executed.
09:35:19 INFO  : Connected to target on host '127.0.0.1' and port '3121'.
09:35:19 INFO  : Jtag cable 'Digilent JTAG-SMT1 210203A7C53BA' is selected.
09:35:19 INFO  : 'jtag frequency' command is executed.
09:35:19 INFO  : Sourcing of 'D:/GradProject/A-Zynq-Based-Ai-Platform/sw/standalone/test_design_wrapper_hw_platform_0/ps7_init.tcl' is done.
09:35:19 INFO  : Context for 'APU' is selected.
09:35:19 INFO  : Hardware design information is loaded from 'D:/GradProject/A-Zynq-Based-Ai-Platform/sw/standalone/test_design_wrapper_hw_platform_0/system.hdf'.
09:35:19 INFO  : 'configparams force-mem-access 1' command is executed.
09:35:19 INFO  : Context for 'APU' is selected.
09:35:19 INFO  : 'stop' command is executed.
09:35:20 INFO  : 'ps7_init' command is executed.
09:35:20 INFO  : 'ps7_post_config' command is executed.
09:35:20 INFO  : Context for processor 'ps7_cortexa9_0' is selected.
09:35:20 INFO  : Processor reset is completed for 'ps7_cortexa9_0'.
09:35:20 INFO  : Context for processor 'ps7_cortexa9_0' is selected.
09:35:20 INFO  : The application 'D:/GradProject/A-Zynq-Based-Ai-Platform/sw/standalone/simpleVectorArithmetic/Debug/simpleVectorArithmetic.elf' is downloaded to processor 'ps7_cortexa9_0'.
09:35:20 INFO  : 'configparams force-mem-access 0' command is executed.
09:35:20 INFO  : ----------------XSDB Script----------------
connect -url tcp:127.0.0.1:3121
source D:/GradProject/A-Zynq-Based-Ai-Platform/sw/standalone/test_design_wrapper_hw_platform_0/ps7_init.tcl
targets -set -nocase -filter {name =~"APU*" && jtag_cable_name =~ "Digilent JTAG-SMT1 210203A7C53BA"} -index 0
loadhw -hw D:/GradProject/A-Zynq-Based-Ai-Platform/sw/standalone/test_design_wrapper_hw_platform_0/system.hdf -mem-ranges [list {0x40000000 0xbfffffff}]
configparams force-mem-access 1
targets -set -nocase -filter {name =~"APU*" && jtag_cable_name =~ "Digilent JTAG-SMT1 210203A7C53BA"} -index 0
stop
ps7_init
ps7_post_config
targets -set -nocase -filter {name =~ "ARM*#0" && jtag_cable_name =~ "Digilent JTAG-SMT1 210203A7C53BA"} -index 0
rst -processor
targets -set -nocase -filter {name =~ "ARM*#0" && jtag_cable_name =~ "Digilent JTAG-SMT1 210203A7C53BA"} -index 0
dow D:/GradProject/A-Zynq-Based-Ai-Platform/sw/standalone/simpleVectorArithmetic/Debug/simpleVectorArithmetic.elf
configparams force-mem-access 0
----------------End of Script----------------

09:35:21 INFO  : Disconnected from the channel tcfchan#1.
09:36:29 INFO  : 'targets -set -filter {jtag_cable_name =~ "Digilent JTAG-SMT1 210203A7C53BA" && level==0} -index 1' command is executed.
09:36:29 INFO  : 'fpga -state' command is executed.
09:36:29 INFO  : Connected to target on host '127.0.0.1' and port '3121'.
09:36:29 INFO  : Jtag cable 'Digilent JTAG-SMT1 210203A7C53BA' is selected.
09:36:29 INFO  : 'jtag frequency' command is executed.
09:36:29 INFO  : Sourcing of 'D:/GradProject/A-Zynq-Based-Ai-Platform/sw/standalone/test_design_wrapper_hw_platform_0/ps7_init.tcl' is done.
09:36:29 INFO  : Context for 'APU' is selected.
09:36:30 INFO  : Hardware design information is loaded from 'D:/GradProject/A-Zynq-Based-Ai-Platform/sw/standalone/test_design_wrapper_hw_platform_0/system.hdf'.
09:36:30 INFO  : 'configparams force-mem-access 1' command is executed.
09:36:30 INFO  : Context for 'APU' is selected.
09:36:30 INFO  : 'stop' command is executed.
09:36:31 INFO  : 'ps7_init' command is executed.
09:36:31 INFO  : 'ps7_post_config' command is executed.
09:36:31 INFO  : Context for processor 'ps7_cortexa9_0' is selected.
09:36:31 INFO  : Processor reset is completed for 'ps7_cortexa9_0'.
09:36:31 INFO  : Context for processor 'ps7_cortexa9_0' is selected.
09:36:31 INFO  : The application 'D:/GradProject/A-Zynq-Based-Ai-Platform/sw/standalone/simpleVectorArithmetic/Debug/simpleVectorArithmetic.elf' is downloaded to processor 'ps7_cortexa9_0'.
09:36:31 INFO  : 'configparams force-mem-access 0' command is executed.
09:36:31 INFO  : ----------------XSDB Script----------------
connect -url tcp:127.0.0.1:3121
source D:/GradProject/A-Zynq-Based-Ai-Platform/sw/standalone/test_design_wrapper_hw_platform_0/ps7_init.tcl
targets -set -nocase -filter {name =~"APU*" && jtag_cable_name =~ "Digilent JTAG-SMT1 210203A7C53BA"} -index 0
loadhw -hw D:/GradProject/A-Zynq-Based-Ai-Platform/sw/standalone/test_design_wrapper_hw_platform_0/system.hdf -mem-ranges [list {0x40000000 0xbfffffff}]
configparams force-mem-access 1
targets -set -nocase -filter {name =~"APU*" && jtag_cable_name =~ "Digilent JTAG-SMT1 210203A7C53BA"} -index 0
stop
ps7_init
ps7_post_config
targets -set -nocase -filter {name =~ "ARM*#0" && jtag_cable_name =~ "Digilent JTAG-SMT1 210203A7C53BA"} -index 0
rst -processor
targets -set -nocase -filter {name =~ "ARM*#0" && jtag_cable_name =~ "Digilent JTAG-SMT1 210203A7C53BA"} -index 0
dow D:/GradProject/A-Zynq-Based-Ai-Platform/sw/standalone/simpleVectorArithmetic/Debug/simpleVectorArithmetic.elf
configparams force-mem-access 0
----------------End of Script----------------

09:36:31 INFO  : Memory regions updated for context APU
09:36:31 INFO  : Context for processor 'ps7_cortexa9_0' is selected.
09:36:32 INFO  : 'con' command is executed.
09:36:32 INFO  : ----------------XSDB Script (After Launch)----------------
targets -set -nocase -filter {name =~ "ARM*#0" && jtag_cable_name =~ "Digilent JTAG-SMT1 210203A7C53BA"} -index 0
con
----------------End of Script----------------

09:36:32 INFO  : Launch script is exported to file 'D:\GradProject\A-Zynq-Based-Ai-Platform\sw\standalone\.sdk\launch_scripts\xilinx_c-c++_application_(system_debugger)\system_debugger_using_debug_simplevectorarithmetic.elf_on_local.tcl'
09:36:59 INFO  : Disconnected from the channel tcfchan#2.
09:38:54 INFO  : 'targets -set -filter {jtag_cable_name =~ "Digilent JTAG-SMT1 210203A7C53BA" && level==0} -index 1' command is executed.
09:38:54 INFO  : 'fpga -state' command is executed.
09:38:54 INFO  : Connected to target on host '127.0.0.1' and port '3121'.
09:38:55 INFO  : Jtag cable 'Digilent JTAG-SMT1 210203A7C53BA' is selected.
09:38:55 INFO  : 'jtag frequency' command is executed.
09:38:55 INFO  : Sourcing of 'D:/GradProject/A-Zynq-Based-Ai-Platform/sw/standalone/test_design_wrapper_hw_platform_0/ps7_init.tcl' is done.
09:38:55 INFO  : Context for 'APU' is selected.
09:38:57 INFO  : Hardware design information is loaded from 'D:/GradProject/A-Zynq-Based-Ai-Platform/sw/standalone/test_design_wrapper_hw_platform_0/system.hdf'.
09:38:57 INFO  : 'configparams force-mem-access 1' command is executed.
09:38:58 INFO  : Context for 'APU' is selected.
09:38:58 INFO  : 'stop' command is executed.
09:38:59 INFO  : 'ps7_init' command is executed.
09:38:59 INFO  : 'ps7_post_config' command is executed.
09:38:59 INFO  : Context for processor 'ps7_cortexa9_0' is selected.
09:38:59 INFO  : Processor reset is completed for 'ps7_cortexa9_0'.
09:38:59 INFO  : Context for processor 'ps7_cortexa9_0' is selected.
09:38:59 INFO  : The application 'D:/GradProject/A-Zynq-Based-Ai-Platform/sw/standalone/simpleVectorArithmetic/Debug/simpleVectorArithmetic.elf' is downloaded to processor 'ps7_cortexa9_0'.
09:38:59 INFO  : 'configparams force-mem-access 0' command is executed.
09:38:59 INFO  : ----------------XSDB Script----------------
connect -url tcp:127.0.0.1:3121
source D:/GradProject/A-Zynq-Based-Ai-Platform/sw/standalone/test_design_wrapper_hw_platform_0/ps7_init.tcl
targets -set -nocase -filter {name =~"APU*" && jtag_cable_name =~ "Digilent JTAG-SMT1 210203A7C53BA"} -index 0
loadhw -hw D:/GradProject/A-Zynq-Based-Ai-Platform/sw/standalone/test_design_wrapper_hw_platform_0/system.hdf -mem-ranges [list {0x40000000 0xbfffffff}]
configparams force-mem-access 1
targets -set -nocase -filter {name =~"APU*" && jtag_cable_name =~ "Digilent JTAG-SMT1 210203A7C53BA"} -index 0
stop
ps7_init
ps7_post_config
targets -set -nocase -filter {name =~ "ARM*#0" && jtag_cable_name =~ "Digilent JTAG-SMT1 210203A7C53BA"} -index 0
rst -processor
targets -set -nocase -filter {name =~ "ARM*#0" && jtag_cable_name =~ "Digilent JTAG-SMT1 210203A7C53BA"} -index 0
dow D:/GradProject/A-Zynq-Based-Ai-Platform/sw/standalone/simpleVectorArithmetic/Debug/simpleVectorArithmetic.elf
configparams force-mem-access 0
----------------End of Script----------------

09:38:59 INFO  : Memory regions updated for context APU
09:38:59 INFO  : Context for processor 'ps7_cortexa9_0' is selected.
09:39:00 INFO  : 'con' command is executed.
09:39:00 INFO  : ----------------XSDB Script (After Launch)----------------
targets -set -nocase -filter {name =~ "ARM*#0" && jtag_cable_name =~ "Digilent JTAG-SMT1 210203A7C53BA"} -index 0
con
----------------End of Script----------------

09:39:00 INFO  : Launch script is exported to file 'D:\GradProject\A-Zynq-Based-Ai-Platform\sw\standalone\.sdk\launch_scripts\xilinx_c-c++_application_(system_debugger)\system_debugger_using_debug_simplevectorarithmetic.elf_on_local.tcl'
09:39:57 INFO  : Disconnected from the channel tcfchan#3.
09:41:22 INFO  : 'targets -set -filter {jtag_cable_name =~ "Digilent JTAG-SMT1 210203A7C53BA" && level==0} -index 1' command is executed.
09:41:22 INFO  : 'fpga -state' command is executed.
09:41:22 INFO  : Connected to target on host '127.0.0.1' and port '3121'.
09:41:22 INFO  : Jtag cable 'Digilent JTAG-SMT1 210203A7C53BA' is selected.
09:41:22 INFO  : 'jtag frequency' command is executed.
09:41:22 INFO  : Sourcing of 'D:/GradProject/A-Zynq-Based-Ai-Platform/sw/standalone/test_design_wrapper_hw_platform_0/ps7_init.tcl' is done.
09:41:23 INFO  : Context for 'APU' is selected.
09:41:24 INFO  : Hardware design information is loaded from 'D:/GradProject/A-Zynq-Based-Ai-Platform/sw/standalone/test_design_wrapper_hw_platform_0/system.hdf'.
09:41:24 INFO  : 'configparams force-mem-access 1' command is executed.
09:41:25 INFO  : Context for 'APU' is selected.
09:41:25 INFO  : 'stop' command is executed.
09:41:25 INFO  : 'ps7_init' command is executed.
09:41:25 INFO  : 'ps7_post_config' command is executed.
09:41:26 INFO  : Context for processor 'ps7_cortexa9_0' is selected.
09:41:26 INFO  : Processor reset is completed for 'ps7_cortexa9_0'.
09:41:26 INFO  : Context for processor 'ps7_cortexa9_0' is selected.
09:41:26 INFO  : The application 'D:/GradProject/A-Zynq-Based-Ai-Platform/sw/standalone/simpleVectorArithmetic/Debug/simpleVectorArithmetic.elf' is downloaded to processor 'ps7_cortexa9_0'.
09:41:26 INFO  : 'configparams force-mem-access 0' command is executed.
09:41:26 INFO  : ----------------XSDB Script----------------
connect -url tcp:127.0.0.1:3121
source D:/GradProject/A-Zynq-Based-Ai-Platform/sw/standalone/test_design_wrapper_hw_platform_0/ps7_init.tcl
targets -set -nocase -filter {name =~"APU*" && jtag_cable_name =~ "Digilent JTAG-SMT1 210203A7C53BA"} -index 0
loadhw -hw D:/GradProject/A-Zynq-Based-Ai-Platform/sw/standalone/test_design_wrapper_hw_platform_0/system.hdf -mem-ranges [list {0x40000000 0xbfffffff}]
configparams force-mem-access 1
targets -set -nocase -filter {name =~"APU*" && jtag_cable_name =~ "Digilent JTAG-SMT1 210203A7C53BA"} -index 0
stop
ps7_init
ps7_post_config
targets -set -nocase -filter {name =~ "ARM*#0" && jtag_cable_name =~ "Digilent JTAG-SMT1 210203A7C53BA"} -index 0
rst -processor
targets -set -nocase -filter {name =~ "ARM*#0" && jtag_cable_name =~ "Digilent JTAG-SMT1 210203A7C53BA"} -index 0
dow D:/GradProject/A-Zynq-Based-Ai-Platform/sw/standalone/simpleVectorArithmetic/Debug/simpleVectorArithmetic.elf
configparams force-mem-access 0
----------------End of Script----------------

09:41:27 INFO  : Memory regions updated for context APU
09:41:27 INFO  : Context for processor 'ps7_cortexa9_0' is selected.
09:41:27 INFO  : 'con' command is executed.
09:41:27 INFO  : ----------------XSDB Script (After Launch)----------------
targets -set -nocase -filter {name =~ "ARM*#0" && jtag_cable_name =~ "Digilent JTAG-SMT1 210203A7C53BA"} -index 0
con
----------------End of Script----------------

09:41:27 INFO  : Launch script is exported to file 'D:\GradProject\A-Zynq-Based-Ai-Platform\sw\standalone\.sdk\launch_scripts\xilinx_c-c++_application_(system_debugger)\system_debugger_using_debug_simplevectorarithmetic.elf_on_local.tcl'
09:41:28 INFO  : Disconnected from the channel tcfchan#4.
09:41:29 INFO  : 'targets -set -filter {jtag_cable_name =~ "Digilent JTAG-SMT1 210203A7C53BA" && level==0} -index 1' command is executed.
09:41:29 INFO  : 'fpga -state' command is executed.
09:41:29 INFO  : Connected to target on host '127.0.0.1' and port '3121'.
09:41:30 INFO  : Jtag cable 'Digilent JTAG-SMT1 210203A7C53BA' is selected.
09:41:30 INFO  : 'jtag frequency' command is executed.
09:41:30 INFO  : Sourcing of 'D:/GradProject/A-Zynq-Based-Ai-Platform/sw/standalone/test_design_wrapper_hw_platform_0/ps7_init.tcl' is done.
09:41:30 INFO  : Context for 'APU' is selected.
09:41:32 INFO  : Hardware design information is loaded from 'D:/GradProject/A-Zynq-Based-Ai-Platform/sw/standalone/test_design_wrapper_hw_platform_0/system.hdf'.
09:41:32 INFO  : 'configparams force-mem-access 1' command is executed.
09:41:32 INFO  : Context for 'APU' is selected.
09:41:32 INFO  : 'stop' command is executed.
09:41:32 INFO  : 'ps7_init' command is executed.
09:41:32 INFO  : 'ps7_post_config' command is executed.
09:41:32 INFO  : Context for processor 'ps7_cortexa9_0' is selected.
09:41:33 INFO  : Processor reset is completed for 'ps7_cortexa9_0'.
09:41:33 INFO  : Context for processor 'ps7_cortexa9_0' is selected.
09:41:33 INFO  : The application 'D:/GradProject/A-Zynq-Based-Ai-Platform/sw/standalone/simpleVectorArithmetic/Debug/simpleVectorArithmetic.elf' is downloaded to processor 'ps7_cortexa9_0'.
09:41:33 INFO  : 'configparams force-mem-access 0' command is executed.
09:41:33 INFO  : ----------------XSDB Script----------------
connect -url tcp:127.0.0.1:3121
source D:/GradProject/A-Zynq-Based-Ai-Platform/sw/standalone/test_design_wrapper_hw_platform_0/ps7_init.tcl
targets -set -nocase -filter {name =~"APU*" && jtag_cable_name =~ "Digilent JTAG-SMT1 210203A7C53BA"} -index 0
loadhw -hw D:/GradProject/A-Zynq-Based-Ai-Platform/sw/standalone/test_design_wrapper_hw_platform_0/system.hdf -mem-ranges [list {0x40000000 0xbfffffff}]
configparams force-mem-access 1
targets -set -nocase -filter {name =~"APU*" && jtag_cable_name =~ "Digilent JTAG-SMT1 210203A7C53BA"} -index 0
stop
ps7_init
ps7_post_config
targets -set -nocase -filter {name =~ "ARM*#0" && jtag_cable_name =~ "Digilent JTAG-SMT1 210203A7C53BA"} -index 0
rst -processor
targets -set -nocase -filter {name =~ "ARM*#0" && jtag_cable_name =~ "Digilent JTAG-SMT1 210203A7C53BA"} -index 0
dow D:/GradProject/A-Zynq-Based-Ai-Platform/sw/standalone/simpleVectorArithmetic/Debug/simpleVectorArithmetic.elf
configparams force-mem-access 0
----------------End of Script----------------

09:41:33 INFO  : Memory regions updated for context APU
09:41:33 INFO  : Context for processor 'ps7_cortexa9_0' is selected.
09:41:33 INFO  : 'con' command is executed.
09:41:33 INFO  : ----------------XSDB Script (After Launch)----------------
targets -set -nocase -filter {name =~ "ARM*#0" && jtag_cable_name =~ "Digilent JTAG-SMT1 210203A7C53BA"} -index 0
con
----------------End of Script----------------

09:41:33 INFO  : Launch script is exported to file 'D:\GradProject\A-Zynq-Based-Ai-Platform\sw\standalone\.sdk\launch_scripts\xilinx_c-c++_application_(system_debugger)\system_debugger_using_debug_simplevectorarithmetic.elf_on_local.tcl'
09:42:09 INFO  : Disconnected from the channel tcfchan#5.
09:42:57 INFO  : 'targets -set -filter {jtag_cable_name =~ "Digilent JTAG-SMT1 210203A7C53BA" && level==0} -index 1' command is executed.
09:42:57 INFO  : 'fpga -state' command is executed.
09:42:57 INFO  : Connected to target on host '127.0.0.1' and port '3121'.
09:42:58 INFO  : Jtag cable 'Digilent JTAG-SMT1 210203A7C53BA' is selected.
09:42:58 INFO  : 'jtag frequency' command is executed.
09:42:58 INFO  : Sourcing of 'D:/GradProject/A-Zynq-Based-Ai-Platform/sw/standalone/test_design_wrapper_hw_platform_0/ps7_init.tcl' is done.
09:42:58 INFO  : Context for 'APU' is selected.
09:43:00 INFO  : Hardware design information is loaded from 'D:/GradProject/A-Zynq-Based-Ai-Platform/sw/standalone/test_design_wrapper_hw_platform_0/system.hdf'.
09:43:00 INFO  : 'configparams force-mem-access 1' command is executed.
09:43:00 INFO  : Context for 'APU' is selected.
09:43:00 INFO  : 'stop' command is executed.
09:43:01 INFO  : 'ps7_init' command is executed.
09:43:01 INFO  : 'ps7_post_config' command is executed.
09:43:01 INFO  : Context for processor 'ps7_cortexa9_0' is selected.
09:43:01 INFO  : Processor reset is completed for 'ps7_cortexa9_0'.
09:43:01 INFO  : Context for processor 'ps7_cortexa9_0' is selected.
09:43:02 INFO  : The application 'D:/GradProject/A-Zynq-Based-Ai-Platform/sw/standalone/simpleVectorArithmetic/Debug/simpleVectorArithmetic.elf' is downloaded to processor 'ps7_cortexa9_0'.
09:43:02 INFO  : 'configparams force-mem-access 0' command is executed.
09:43:02 INFO  : ----------------XSDB Script----------------
connect -url tcp:127.0.0.1:3121
source D:/GradProject/A-Zynq-Based-Ai-Platform/sw/standalone/test_design_wrapper_hw_platform_0/ps7_init.tcl
targets -set -nocase -filter {name =~"APU*" && jtag_cable_name =~ "Digilent JTAG-SMT1 210203A7C53BA"} -index 0
loadhw -hw D:/GradProject/A-Zynq-Based-Ai-Platform/sw/standalone/test_design_wrapper_hw_platform_0/system.hdf -mem-ranges [list {0x40000000 0xbfffffff}]
configparams force-mem-access 1
targets -set -nocase -filter {name =~"APU*" && jtag_cable_name =~ "Digilent JTAG-SMT1 210203A7C53BA"} -index 0
stop
ps7_init
ps7_post_config
targets -set -nocase -filter {name =~ "ARM*#0" && jtag_cable_name =~ "Digilent JTAG-SMT1 210203A7C53BA"} -index 0
rst -processor
targets -set -nocase -filter {name =~ "ARM*#0" && jtag_cable_name =~ "Digilent JTAG-SMT1 210203A7C53BA"} -index 0
dow D:/GradProject/A-Zynq-Based-Ai-Platform/sw/standalone/simpleVectorArithmetic/Debug/simpleVectorArithmetic.elf
configparams force-mem-access 0
----------------End of Script----------------

09:43:02 INFO  : Memory regions updated for context APU
09:43:02 INFO  : Context for processor 'ps7_cortexa9_0' is selected.
09:43:02 INFO  : Disconnected from the channel tcfchan#6.
09:43:02 ERROR : Invalid target. Use "connect" command to connect to hw_server/TCF agent
09:43:04 INFO  : 'targets -set -filter {jtag_cable_name =~ "Digilent JTAG-SMT1 210203A7C53BA" && level==0} -index 1' command is executed.
09:43:04 INFO  : 'fpga -state' command is executed.
09:43:04 INFO  : Connected to target on host '127.0.0.1' and port '3121'.
09:43:04 INFO  : Jtag cable 'Digilent JTAG-SMT1 210203A7C53BA' is selected.
09:43:04 INFO  : 'jtag frequency' command is executed.
09:43:04 INFO  : Sourcing of 'D:/GradProject/A-Zynq-Based-Ai-Platform/sw/standalone/test_design_wrapper_hw_platform_0/ps7_init.tcl' is done.
09:43:04 INFO  : Context for 'APU' is selected.
09:43:06 INFO  : Hardware design information is loaded from 'D:/GradProject/A-Zynq-Based-Ai-Platform/sw/standalone/test_design_wrapper_hw_platform_0/system.hdf'.
09:43:06 INFO  : 'configparams force-mem-access 1' command is executed.
09:43:07 INFO  : Context for 'APU' is selected.
09:43:07 INFO  : 'stop' command is executed.
09:43:07 INFO  : 'ps7_init' command is executed.
09:43:07 INFO  : 'ps7_post_config' command is executed.
09:43:07 INFO  : Context for processor 'ps7_cortexa9_0' is selected.
09:43:07 INFO  : Processor reset is completed for 'ps7_cortexa9_0'.
09:43:07 INFO  : Context for processor 'ps7_cortexa9_0' is selected.
09:43:07 INFO  : The application 'D:/GradProject/A-Zynq-Based-Ai-Platform/sw/standalone/simpleVectorArithmetic/Debug/simpleVectorArithmetic.elf' is downloaded to processor 'ps7_cortexa9_0'.
09:43:07 INFO  : 'configparams force-mem-access 0' command is executed.
09:43:07 INFO  : ----------------XSDB Script----------------
connect -url tcp:127.0.0.1:3121
source D:/GradProject/A-Zynq-Based-Ai-Platform/sw/standalone/test_design_wrapper_hw_platform_0/ps7_init.tcl
targets -set -nocase -filter {name =~"APU*" && jtag_cable_name =~ "Digilent JTAG-SMT1 210203A7C53BA"} -index 0
loadhw -hw D:/GradProject/A-Zynq-Based-Ai-Platform/sw/standalone/test_design_wrapper_hw_platform_0/system.hdf -mem-ranges [list {0x40000000 0xbfffffff}]
configparams force-mem-access 1
targets -set -nocase -filter {name =~"APU*" && jtag_cable_name =~ "Digilent JTAG-SMT1 210203A7C53BA"} -index 0
stop
ps7_init
ps7_post_config
targets -set -nocase -filter {name =~ "ARM*#0" && jtag_cable_name =~ "Digilent JTAG-SMT1 210203A7C53BA"} -index 0
rst -processor
targets -set -nocase -filter {name =~ "ARM*#0" && jtag_cable_name =~ "Digilent JTAG-SMT1 210203A7C53BA"} -index 0
dow D:/GradProject/A-Zynq-Based-Ai-Platform/sw/standalone/simpleVectorArithmetic/Debug/simpleVectorArithmetic.elf
configparams force-mem-access 0
----------------End of Script----------------

09:43:07 INFO  : Memory regions updated for context APU
09:43:07 INFO  : Context for processor 'ps7_cortexa9_0' is selected.
09:43:07 INFO  : 'con' command is executed.
09:43:07 INFO  : ----------------XSDB Script (After Launch)----------------
targets -set -nocase -filter {name =~ "ARM*#0" && jtag_cable_name =~ "Digilent JTAG-SMT1 210203A7C53BA"} -index 0
con
----------------End of Script----------------

09:43:07 INFO  : Launch script is exported to file 'D:\GradProject\A-Zynq-Based-Ai-Platform\sw\standalone\.sdk\launch_scripts\xilinx_c-c++_application_(system_debugger)\system_debugger_using_debug_simplevectorarithmetic.elf_on_local.tcl'
09:44:33 INFO  : Disconnected from the channel tcfchan#7.
09:44:35 INFO  : 'targets -set -filter {jtag_cable_name =~ "Digilent JTAG-SMT1 210203A7C53BA" && level==0} -index 1' command is executed.
09:44:35 INFO  : 'fpga -state' command is executed.
09:44:35 INFO  : Connected to target on host '127.0.0.1' and port '3121'.
09:44:35 INFO  : Jtag cable 'Digilent JTAG-SMT1 210203A7C53BA' is selected.
09:44:35 INFO  : 'jtag frequency' command is executed.
09:44:35 INFO  : Sourcing of 'D:/GradProject/A-Zynq-Based-Ai-Platform/sw/standalone/test_design_wrapper_hw_platform_0/ps7_init.tcl' is done.
09:44:35 INFO  : Context for 'APU' is selected.
09:44:36 INFO  : Hardware design information is loaded from 'D:/GradProject/A-Zynq-Based-Ai-Platform/sw/standalone/test_design_wrapper_hw_platform_0/system.hdf'.
09:44:36 INFO  : 'configparams force-mem-access 1' command is executed.
09:44:36 INFO  : Context for 'APU' is selected.
09:44:36 INFO  : 'stop' command is executed.
09:44:37 INFO  : 'ps7_init' command is executed.
09:44:37 INFO  : 'ps7_post_config' command is executed.
09:44:37 INFO  : Context for processor 'ps7_cortexa9_0' is selected.
09:44:37 INFO  : Processor reset is completed for 'ps7_cortexa9_0'.
09:44:37 INFO  : Context for processor 'ps7_cortexa9_0' is selected.
09:44:37 INFO  : The application 'D:/GradProject/A-Zynq-Based-Ai-Platform/sw/standalone/simpleVectorArithmetic/Debug/simpleVectorArithmetic.elf' is downloaded to processor 'ps7_cortexa9_0'.
09:44:37 INFO  : 'configparams force-mem-access 0' command is executed.
09:44:37 INFO  : ----------------XSDB Script----------------
connect -url tcp:127.0.0.1:3121
source D:/GradProject/A-Zynq-Based-Ai-Platform/sw/standalone/test_design_wrapper_hw_platform_0/ps7_init.tcl
targets -set -nocase -filter {name =~"APU*" && jtag_cable_name =~ "Digilent JTAG-SMT1 210203A7C53BA"} -index 0
loadhw -hw D:/GradProject/A-Zynq-Based-Ai-Platform/sw/standalone/test_design_wrapper_hw_platform_0/system.hdf -mem-ranges [list {0x40000000 0xbfffffff}]
configparams force-mem-access 1
targets -set -nocase -filter {name =~"APU*" && jtag_cable_name =~ "Digilent JTAG-SMT1 210203A7C53BA"} -index 0
stop
ps7_init
ps7_post_config
targets -set -nocase -filter {name =~ "ARM*#0" && jtag_cable_name =~ "Digilent JTAG-SMT1 210203A7C53BA"} -index 0
rst -processor
targets -set -nocase -filter {name =~ "ARM*#0" && jtag_cable_name =~ "Digilent JTAG-SMT1 210203A7C53BA"} -index 0
dow D:/GradProject/A-Zynq-Based-Ai-Platform/sw/standalone/simpleVectorArithmetic/Debug/simpleVectorArithmetic.elf
configparams force-mem-access 0
----------------End of Script----------------

09:44:37 INFO  : Memory regions updated for context APU
09:44:37 INFO  : Context for processor 'ps7_cortexa9_0' is selected.
09:44:37 INFO  : 'con' command is executed.
09:44:37 INFO  : ----------------XSDB Script (After Launch)----------------
targets -set -nocase -filter {name =~ "ARM*#0" && jtag_cable_name =~ "Digilent JTAG-SMT1 210203A7C53BA"} -index 0
con
----------------End of Script----------------

09:44:37 INFO  : Launch script is exported to file 'D:\GradProject\A-Zynq-Based-Ai-Platform\sw\standalone\.sdk\launch_scripts\xilinx_c-c++_application_(system_debugger)\system_debugger_using_debug_simplevectorarithmetic.elf_on_local.tcl'
09:45:16 INFO  : Disconnected from the channel tcfchan#8.
09:45:17 INFO  : 'targets -set -filter {jtag_cable_name =~ "Digilent JTAG-SMT1 210203A7C53BA" && level==0} -index 1' command is executed.
09:45:17 INFO  : 'fpga -state' command is executed.
09:45:17 INFO  : Connected to target on host '127.0.0.1' and port '3121'.
09:45:17 INFO  : Jtag cable 'Digilent JTAG-SMT1 210203A7C53BA' is selected.
09:45:17 INFO  : 'jtag frequency' command is executed.
09:45:17 INFO  : Sourcing of 'D:/GradProject/A-Zynq-Based-Ai-Platform/sw/standalone/test_design_wrapper_hw_platform_0/ps7_init.tcl' is done.
09:45:17 INFO  : Context for 'APU' is selected.
09:45:19 INFO  : Hardware design information is loaded from 'D:/GradProject/A-Zynq-Based-Ai-Platform/sw/standalone/test_design_wrapper_hw_platform_0/system.hdf'.
09:45:19 INFO  : 'configparams force-mem-access 1' command is executed.
09:45:19 INFO  : Context for 'APU' is selected.
09:45:19 INFO  : 'stop' command is executed.
09:45:19 INFO  : 'ps7_init' command is executed.
09:45:19 INFO  : 'ps7_post_config' command is executed.
09:45:19 INFO  : Context for processor 'ps7_cortexa9_0' is selected.
09:45:19 INFO  : Processor reset is completed for 'ps7_cortexa9_0'.
09:45:19 INFO  : Context for processor 'ps7_cortexa9_0' is selected.
09:45:19 INFO  : The application 'D:/GradProject/A-Zynq-Based-Ai-Platform/sw/standalone/simpleVectorArithmetic/Debug/simpleVectorArithmetic.elf' is downloaded to processor 'ps7_cortexa9_0'.
09:45:19 INFO  : 'configparams force-mem-access 0' command is executed.
09:45:19 INFO  : ----------------XSDB Script----------------
connect -url tcp:127.0.0.1:3121
source D:/GradProject/A-Zynq-Based-Ai-Platform/sw/standalone/test_design_wrapper_hw_platform_0/ps7_init.tcl
targets -set -nocase -filter {name =~"APU*" && jtag_cable_name =~ "Digilent JTAG-SMT1 210203A7C53BA"} -index 0
loadhw -hw D:/GradProject/A-Zynq-Based-Ai-Platform/sw/standalone/test_design_wrapper_hw_platform_0/system.hdf -mem-ranges [list {0x40000000 0xbfffffff}]
configparams force-mem-access 1
targets -set -nocase -filter {name =~"APU*" && jtag_cable_name =~ "Digilent JTAG-SMT1 210203A7C53BA"} -index 0
stop
ps7_init
ps7_post_config
targets -set -nocase -filter {name =~ "ARM*#0" && jtag_cable_name =~ "Digilent JTAG-SMT1 210203A7C53BA"} -index 0
rst -processor
targets -set -nocase -filter {name =~ "ARM*#0" && jtag_cable_name =~ "Digilent JTAG-SMT1 210203A7C53BA"} -index 0
dow D:/GradProject/A-Zynq-Based-Ai-Platform/sw/standalone/simpleVectorArithmetic/Debug/simpleVectorArithmetic.elf
configparams force-mem-access 0
----------------End of Script----------------

09:45:19 INFO  : Memory regions updated for context APU
09:45:19 INFO  : Context for processor 'ps7_cortexa9_0' is selected.
09:45:19 INFO  : 'con' command is executed.
09:45:19 INFO  : ----------------XSDB Script (After Launch)----------------
targets -set -nocase -filter {name =~ "ARM*#0" && jtag_cable_name =~ "Digilent JTAG-SMT1 210203A7C53BA"} -index 0
con
----------------End of Script----------------

09:45:19 INFO  : Launch script is exported to file 'D:\GradProject\A-Zynq-Based-Ai-Platform\sw\standalone\.sdk\launch_scripts\xilinx_c-c++_application_(system_debugger)\system_debugger_using_debug_simplevectorarithmetic.elf_on_local.tcl'
10:05:54 INFO  : Disconnected from the channel tcfchan#9.
